<?xml version="1.0" encoding="UTF-8"?>
<testng-results skipped="0" failed="2" ignored="0" total="5" passed="3">
  <reporter-output>
  </reporter-output>
  <suite name="Ev box test suite" duration-ms="72914" started-at="2020-02-08T16:07:02 MSK" finished-at="2020-02-08T16:08:15 MSK">
    <groups>
      <group name="smoke">
        <method signature="AllureAttachmentTest.verifyAttachmentTest()[pri:0, instance:com.klindziuk.taf.test.AllureAttachmentTest@80bfdc6]" name="verifyAttachmentTest" class="com.klindziuk.taf.test.AllureAttachmentTest"/>
        <method signature="ContactUsTest.contactUsTest()[pri:0, instance:com.klindziuk.taf.test.ContactUsTest@895416d]" name="contactUsTest" class="com.klindziuk.taf.test.ContactUsTest"/>
        <method signature="FooterTest.footerTest()[pri:0, instance:com.klindziuk.taf.test.FooterTest@5df778c3]" name="footerTest" class="com.klindziuk.taf.test.FooterTest"/>
        <method signature="LanguageTest.languageSwitchTest()[pri:0, instance:com.klindziuk.taf.test.LanguageTest@6edcad64]" name="languageSwitchTest" class="com.klindziuk.taf.test.LanguageTest"/>
        <method signature="LoginTest.loginTest()[pri:0, instance:com.klindziuk.taf.test.LoginTest@71a06021]" name="loginTest" class="com.klindziuk.taf.test.LoginTest"/>
      </group> <!-- smoke -->
    </groups>
    <test name="Smoke Test Suite" duration-ms="72914" started-at="2020-02-08T16:07:02 MSK" finished-at="2020-02-08T16:08:15 MSK">
      <class name="com.klindziuk.taf.test.LoginTest">
        <test-method status="PASS" signature="setUp()[pri:0, instance:com.klindziuk.taf.test.LoginTest@71a06021]" name="setUp" is-config="true" duration-ms="0" started-at="2020-02-08T16:07:48 MSK" finished-at="2020-02-08T16:07:48 MSK">
          <reporter-output>
          </reporter-output>
        </test-method> <!-- setUp -->
        <test-method status="PASS" signature="loginTest()[pri:0, instance:com.klindziuk.taf.test.LoginTest@71a06021]" name="loginTest" duration-ms="7993" started-at="2020-02-08T16:07:48 MSK" finished-at="2020-02-08T16:07:56 MSK">
          <reporter-output>
          </reporter-output>
        </test-method> <!-- loginTest -->
      </class> <!-- com.klindziuk.taf.test.LoginTest -->
      <class name="com.klindziuk.taf.test.FooterTest">
        <test-method status="PASS" signature="setUp()[pri:0, instance:com.klindziuk.taf.test.FooterTest@5df778c3]" name="setUp" is-config="true" duration-ms="14" started-at="2020-02-08T16:07:02 MSK" finished-at="2020-02-08T16:07:02 MSK">
          <reporter-output>
          </reporter-output>
        </test-method> <!-- setUp -->
        <test-method status="PASS" signature="footerTest()[pri:0, instance:com.klindziuk.taf.test.FooterTest@5df778c3]" name="footerTest" duration-ms="24686" started-at="2020-02-08T16:07:02 MSK" finished-at="2020-02-08T16:07:27 MSK">
          <reporter-output>
          </reporter-output>
        </test-method> <!-- footerTest -->
      </class> <!-- com.klindziuk.taf.test.FooterTest -->
      <class name="com.klindziuk.taf.test.ContactUsTest">
        <test-method status="PASS" signature="setUp()[pri:0, instance:com.klindziuk.taf.test.ContactUsTest@895416d]" name="setUp" is-config="true" duration-ms="2" started-at="2020-02-08T16:07:27 MSK" finished-at="2020-02-08T16:07:27 MSK">
          <reporter-output>
          </reporter-output>
        </test-method> <!-- setUp -->
        <test-method status="FAIL" signature="contactUsTest()[pri:0, instance:com.klindziuk.taf.test.ContactUsTest@895416d]" name="contactUsTest" duration-ms="19966" started-at="2020-02-08T16:07:27 MSK" finished-at="2020-02-08T16:07:47 MSK">
          <exception class="java.lang.AssertionError">
            <message>
              <![CDATA['Thanks a million' page is not opened. did not expect to find [true] but found [false]]]>
            </message>
            <full-stacktrace>
              <![CDATA[java.lang.AssertionError: 'Thanks a million' page is not opened. did not expect to find [true] but found [false]
at org.testng.Assert.fail(Assert.java:97)
at org.testng.Assert.failNotEquals(Assert.java:969)
at org.testng.Assert.assertTrue(Assert.java:43)
at com.klindziuk.taf.test.ContactUsTest.contactUsTest(ContactUsTest.java:64)
at sun.reflect.NativeMethodAccessorImpl.invoke0(Native Method)
at sun.reflect.NativeMethodAccessorImpl.invoke(NativeMethodAccessorImpl.java:62)
at sun.reflect.DelegatingMethodAccessorImpl.invoke(DelegatingMethodAccessorImpl.java:43)
at java.lang.reflect.Method.invoke(Method.java:498)
at org.testng.internal.MethodInvocationHelper.invokeMethod(MethodInvocationHelper.java:133)
at org.testng.internal.TestInvoker.invokeMethod(TestInvoker.java:584)
at org.testng.internal.TestInvoker.invokeTestMethod(TestInvoker.java:172)
at org.testng.internal.MethodRunner.runInSequence(MethodRunner.java:46)
at org.testng.internal.TestInvoker$MethodInvocationAgent.invoke(TestInvoker.java:804)
at org.testng.internal.TestInvoker.invokeTestMethods(TestInvoker.java:145)
at org.testng.internal.TestMethodWorker.invokeTestMethods(TestMethodWorker.java:146)
at org.testng.internal.TestMethodWorker.run(TestMethodWorker.java:128)
at java.util.concurrent.ThreadPoolExecutor.runWorker(ThreadPoolExecutor.java:1149)
at java.util.concurrent.ThreadPoolExecutor$Worker.run(ThreadPoolExecutor.java:624)
at java.lang.Thread.run(Thread.java:748)
]]>
            </full-stacktrace>
          </exception> <!-- java.lang.AssertionError -->
          <reporter-output>
          </reporter-output>
        </test-method> <!-- contactUsTest -->
      </class> <!-- com.klindziuk.taf.test.ContactUsTest -->
      <class name="com.klindziuk.taf.test.AllureAttachmentTest">
        <test-method status="PASS" signature="setUp()[pri:0, instance:com.klindziuk.taf.test.AllureAttachmentTest@80bfdc6]" name="setUp" is-config="true" duration-ms="0" started-at="2020-02-08T16:07:56 MSK" finished-at="2020-02-08T16:07:56 MSK">
          <reporter-output>
          </reporter-output>
        </test-method> <!-- setUp -->
        <test-method status="FAIL" signature="verifyAttachmentTest()[pri:0, instance:com.klindziuk.taf.test.AllureAttachmentTest@80bfdc6]" name="verifyAttachmentTest" duration-ms="8116" started-at="2020-02-08T16:07:56 MSK" finished-at="2020-02-08T16:08:04 MSK">
          <exception class="java.lang.AssertionError">
            <message>
              <![CDATA[Fail test script to verify Allure attachments.]]>
            </message>
            <full-stacktrace>
              <![CDATA[java.lang.AssertionError: Fail test script to verify Allure attachments.
at org.testng.Assert.fail(Assert.java:97)
at com.klindziuk.taf.test.AllureAttachmentTest.verifyAttachmentTest(AllureAttachmentTest.java:37)
at sun.reflect.NativeMethodAccessorImpl.invoke0(Native Method)
at sun.reflect.NativeMethodAccessorImpl.invoke(NativeMethodAccessorImpl.java:62)
at sun.reflect.DelegatingMethodAccessorImpl.invoke(DelegatingMethodAccessorImpl.java:43)
at java.lang.reflect.Method.invoke(Method.java:498)
at org.testng.internal.MethodInvocationHelper.invokeMethod(MethodInvocationHelper.java:133)
at org.testng.internal.TestInvoker.invokeMethod(TestInvoker.java:584)
at org.testng.internal.TestInvoker.invokeTestMethod(TestInvoker.java:172)
at org.testng.internal.MethodRunner.runInSequence(MethodRunner.java:46)
at org.testng.internal.TestInvoker$MethodInvocationAgent.invoke(TestInvoker.java:804)
at org.testng.internal.TestInvoker.invokeTestMethods(TestInvoker.java:145)
at org.testng.internal.TestMethodWorker.invokeTestMethods(TestMethodWorker.java:146)
at org.testng.internal.TestMethodWorker.run(TestMethodWorker.java:128)
at java.util.concurrent.ThreadPoolExecutor.runWorker(ThreadPoolExecutor.java:1149)
at java.util.concurrent.ThreadPoolExecutor$Worker.run(ThreadPoolExecutor.java:624)
at java.lang.Thread.run(Thread.java:748)
]]>
            </full-stacktrace>
          </exception> <!-- java.lang.AssertionError -->
          <reporter-output>
          </reporter-output>
        </test-method> <!-- verifyAttachmentTest -->
      </class> <!-- com.klindziuk.taf.test.AllureAttachmentTest -->
      <class name="com.klindziuk.taf.test.LanguageTest">
        <test-method status="PASS" signature="setUp()[pri:0, instance:com.klindziuk.taf.test.LanguageTest@6edcad64]" name="setUp" is-config="true" duration-ms="1" started-at="2020-02-08T16:08:04 MSK" finished-at="2020-02-08T16:08:04 MSK">
          <reporter-output>
          </reporter-output>
        </test-method> <!-- setUp -->
        <test-method status="PASS" signature="languageSwitchTest()[pri:0, instance:com.klindziuk.taf.test.LanguageTest@6edcad64]" name="languageSwitchTest" duration-ms="10501" started-at="2020-02-08T16:08:04 MSK" finished-at="2020-02-08T16:08:15 MSK">
          <reporter-output>
          </reporter-output>
        </test-method> <!-- languageSwitchTest -->
      </class> <!-- com.klindziuk.taf.test.LanguageTest -->
    </test> <!-- Smoke Test Suite -->
  </suite> <!-- Ev box test suite -->
</testng-results>
