<?xml version="1.0" encoding="UTF-8"?>
<!-- Generated by org.testng.reporters.JUnitXMLReporter -->
<testsuite hostname="Mac-mini.local" ignored="0" name="Smoke Test Suite" tests="5" failures="2" timestamp="2020-02-08T16:08:20 MSK" time="72.914" errors="0">
  <testcase name="footerTest" time="24.686" classname="com.klindziuk.taf.test.FooterTest"/>
  <testcase name="contactUsTest" time="19.966" classname="com.klindziuk.taf.test.ContactUsTest">
    <failure type="java.lang.AssertionError" message="&amp;apos;Thanks a million&amp;apos; page is not opened. did not expect to find [true] but found [false]">
      <![CDATA[java.lang.AssertionError: 'Thanks a million' page is not opened. did not expect to find [true] but found [false]
at com.klindziuk.taf.test.ContactUsTest.contactUsTest(ContactUsTest.java:64)
at java.util.concurrent.ThreadPoolExecutor.runWorker(ThreadPoolExecutor.java:1149)
at java.util.concurrent.ThreadPoolExecutor$Worker.run(ThreadPoolExecutor.java:624)
at java.lang.Thread.run(Thread.java:748)
... Removed 15 stack frames]]>
    </failure>
  </testcase> <!-- contactUsTest -->
  <testcase name="loginTest" time="7.993" classname="com.klindziuk.taf.test.LoginTest"/>
  <testcase name="verifyAttachmentTest" time="8.116" classname="com.klindziuk.taf.test.AllureAttachmentTest">
    <failure type="java.lang.AssertionError" message="Fail test script to verify Allure attachments.">
      <![CDATA[java.lang.AssertionError: Fail test script to verify Allure attachments.
at com.klindziuk.taf.test.AllureAttachmentTest.verifyAttachmentTest(AllureAttachmentTest.java:37)
at java.util.concurrent.ThreadPoolExecutor.runWorker(ThreadPoolExecutor.java:1149)
at java.util.concurrent.ThreadPoolExecutor$Worker.run(ThreadPoolExecutor.java:624)
at java.lang.Thread.run(Thread.java:748)
... Removed 13 stack frames]]>
    </failure>
  </testcase> <!-- verifyAttachmentTest -->
  <testcase name="languageSwitchTest" time="10.501" classname="com.klindziuk.taf.test.LanguageTest"/>
</testsuite> <!-- Smoke Test Suite -->
